{"name": "test_verify_product_details_page", "status": "failed", "statusDetails": {"message": "AssertionError: Nokia lumia 1520 not found on product details page\nassert 'Nokia lumia 1520' in '<html lang=\"en\"><head><style class=\"vjs-styles-defaults\">\\n      .video-js {\\n        width: 300px;\\n        height: ...rse\">\\n    <p class=\"m-0 text-center text-white\">Copyright © Product Store 2017</p>\\n  </footer>\\n\\n\\n\\n</body></html>'\n +  where '<html lang=\"en\"><head><style class=\"vjs-styles-defaults\">\\n      .video-js {\\n        width: 300px;\\n        height: ...rse\">\\n    <p class=\"m-0 text-center text-white\">Copyright © Product Store 2017</p>\\n  </footer>\\n\\n\\n\\n</body></html>' = <selenium.webdriver.chrome.webdriver.WebDriver (session=\"6ea8d5effda865c2fb224a1ab8808f00\")>.page_source\n +    where <selenium.webdriver.chrome.webdriver.WebDriver (session=\"6ea8d5effda865c2fb224a1ab8808f00\")> = <test_product_details.TestProductDetails object at 0x102e53ee0>.driver", "trace": "self = <test_product_details.TestProductDetails object at 0x102e53ee0>\n\n    def test_verify_product_details_page(self):\n        home = HomePage(self.driver)\n        action_util = ActionUtility(self.driver)\n        js_util = JavaScriptUtility(self.driver)\n    \n        product_name = \"Nokia lumia 1520\"\n    \n        # Hover over the product name\n        product_element = home.get_product_element_by_name(product_name)\n        action_util.hover_over_element(product_element)\n        logger.info(f\"Hovered on product: {product_name}\")\n    \n        # Click using JavaScript\n        js_util.click_element_js(product_element)\n        logger.info(f\"Clicked product using JS: {product_name}\")\n    \n        # Validate product details page\n>       assert product_name in self.driver.page_source, f\"{product_name} not found on product details page\"\nE       AssertionError: Nokia lumia 1520 not found on product details page\nE       assert 'Nokia lumia 1520' in '<html lang=\"en\"><head><style class=\"vjs-styles-defaults\">\\n      .video-js {\\n        width: 300px;\\n        height: ...rse\">\\n    <p class=\"m-0 text-center text-white\">Copyright © Product Store 2017</p>\\n  </footer>\\n\\n\\n\\n</body></html>'\nE        +  where '<html lang=\"en\"><head><style class=\"vjs-styles-defaults\">\\n      .video-js {\\n        width: 300px;\\n        height: ...rse\">\\n    <p class=\"m-0 text-center text-white\">Copyright © Product Store 2017</p>\\n  </footer>\\n\\n\\n\\n</body></html>' = <selenium.webdriver.chrome.webdriver.WebDriver (session=\"6ea8d5effda865c2fb224a1ab8808f00\")>.page_source\nE        +    where <selenium.webdriver.chrome.webdriver.WebDriver (session=\"6ea8d5effda865c2fb224a1ab8808f00\")> = <test_product_details.TestProductDetails object at 0x102e53ee0>.driver\n\ntests/test_product_details.py:31: AssertionError"}, "attachments": [{"name": "log", "source": "006f31fa-f403-466f-bcaf-55b454a7b44e-attachment.txt", "type": "text/plain"}, {"name": "stdout", "source": "8cdba740-6a6b-4531-8c79-3831503008f0-attachment.txt", "type": "text/plain"}], "start": 1752157880004, "stop": 1752157882530, "uuid": "deaa5893-fa71-4d5c-87cd-58e9835080c2", "historyId": "f2eefbf17ebe5b6f8e7e184f9e5177a2", "testCaseId": "f2eefbf17ebe5b6f8e7e184f9e5177a2", "fullName": "tests.test_product_details.TestProductDetails#test_verify_product_details_page", "labels": [{"name": "parentSuite", "value": "tests"}, {"name": "suite", "value": "test_product_details"}, {"name": "subSuite", "value": "TestProductDetails"}, {"name": "host", "value": "Ranjeet-MacBook-Pro.local"}, {"name": "thread", "value": "97028-MainThread"}, {"name": "framework", "value": "pytest"}, {"name": "language", "value": "cpython3"}, {"name": "package", "value": "tests.test_product_details"}]}