{"uid":"d98f8a47aca9e580","name":"test_verify_product_details_page","fullName":"tests.test_product_details.TestProductDetails#test_verify_product_details_page","historyId":"f2eefbf17ebe5b6f8e7e184f9e5177a2","time":{"start":1752157618855,"stop":1752157618869,"duration":14},"status":"broken","statusMessage":"selenium.common.exceptions.NoSuchElementException: Message: no such element: Unable to locate element: {\"method\":\"link text\",\"selector\":\"Nokia lumia 1520\"}\n  (Session info: chrome=138.0.7204.93); For documentation on this error, please visit: https://www.selenium.dev/documentation/webdriver/troubleshooting/errors#no-such-element-exception\nStacktrace:\n0   chromedriver                        0x0000000100c34e6c cxxbridge1$str$ptr + 2722840\n1   chromedriver                        0x0000000100c2cd74 cxxbridge1$str$ptr + 2689824\n2   chromedriver                        0x000000010077e3ec cxxbridge1$string$len + 90648\n3   chromedriver                        0x00000001007c5544 cxxbridge1$string$len + 381808\n4   chromedriver                        0x0000000100806934 cxxbridge1$string$len + 649056\n5   chromedriver                        0x00000001007b9834 cxxbridge1$string$len + 333408\n6   chromedriver                        0x0000000100bf7f88 cxxbridge1$str$ptr + 2473268\n7   chromedriver                        0x0000000100bfb1f4 cxxbridge1$str$ptr + 2486176\n8   chromedriver                        0x0000000100bd99d0 cxxbridge1$str$ptr + 2348924\n9   chromedriver                        0x0000000100bfbab0 cxxbridge1$str$ptr + 2488412\n10  chromedriver                        0x0000000100bcaa60 cxxbridge1$str$ptr + 2287628\n11  chromedriver                        0x0000000100c1b9a0 cxxbridge1$str$ptr + 2619212\n12  chromedriver                        0x0000000100c1bb2c cxxbridge1$str$ptr + 2619608\n13  chromedriver                        0x0000000100c2c9b0 cxxbridge1$str$ptr + 2688860\n14  libsystem_pthread.dylib             0x000000019bb3c2e4 _pthread_start + 136\n15  libsystem_pthread.dylib             0x000000019bb370fc thread_start + 8","statusTrace":"self = <test_product_details.TestProductDetails object at 0x106eb1d50>\n\n    def test_verify_product_details_page(self):\n        home = HomePage(self.driver)\n        action_util = ActionUtility(self.driver)\n        js_util = JavaScriptUtility(self.driver)\n    \n        product_name = \"Nokia lumia 1520\"\n    \n        # Hover over the product name\n>       product_element = home.get_product_element_by_name(product_name)\n\ntests/test_product_details.py:22: \n_ _ _ _ _ _ _ _ _ _ _ _ _ _ _ _ _ _ _ _ _ _ _ _ _ _ _ _ _ _ _ _ _ _ _ _ _ _ _ _ _ _ _ _ _ _ _ _ _ _ _ _ _ _ _ _ _ _ _ _ _ _ _ _ _ _ _ _ _ _ _ _ _ _ _ _ _ _ \npages/HomePage.py:50: in get_product_element_by_name\n    return self.driver.find_element(By.LINK_TEXT, product_name)\n../../../anaconda3/lib/python3.10/site-packages/selenium/webdriver/remote/webdriver.py:914: in find_element\n    return self.execute(Command.FIND_ELEMENT, {\"using\": by, \"value\": value})[\"value\"]\n../../../anaconda3/lib/python3.10/site-packages/selenium/webdriver/remote/webdriver.py:447: in execute\n    self.error_handler.check_response(response)\n_ _ _ _ _ _ _ _ _ _ _ _ _ _ _ _ _ _ _ _ _ _ _ _ _ _ _ _ _ _ _ _ _ _ _ _ _ _ _ _ _ _ _ _ _ _ _ _ _ _ _ _ _ _ _ _ _ _ _ _ _ _ _ _ _ _ _ _ _ _ _ _ _ _ _ _ _ _ \n\nself = <selenium.webdriver.remote.errorhandler.ErrorHandler object at 0x106eb24a0>\nresponse = {'status': 404, 'value': '{\"value\":{\"error\":\"no such element\",\"message\":\"no such element: Unable to locate element: {\\...00019bb3c2e4 _pthread_start + 136\\\\n15  libsystem_pthread.dylib             0x000000019bb370fc thread_start + 8\\\\n\"}}'}\n\n    def check_response(self, response: Dict[str, Any]) -> None:\n        \"\"\"Checks that a JSON response from the WebDriver does not have an\n        error.\n    \n        :Args:\n         - response - The JSON response from the WebDriver server as a dictionary\n           object.\n    \n        :Raises: If the response contains an error message.\n        \"\"\"\n        status = response.get(\"status\", None)\n        if not status or status == ErrorCode.SUCCESS:\n            return\n        value = None\n        message = response.get(\"message\", \"\")\n        screen: str = response.get(\"screen\", \"\")\n        stacktrace = None\n        if isinstance(status, int):\n            value_json = response.get(\"value\", None)\n            if value_json and isinstance(value_json, str):\n                import json\n    \n                try:\n                    value = json.loads(value_json)\n                    if len(value) == 1:\n                        value = value[\"value\"]\n                    status = value.get(\"error\", None)\n                    if not status:\n                        status = value.get(\"status\", ErrorCode.UNKNOWN_ERROR)\n                        message = value.get(\"value\") or value.get(\"message\")\n                        if not isinstance(message, str):\n                            value = message\n                            message = message.get(\"message\")\n                    else:\n                        message = value.get(\"message\", None)\n                except ValueError:\n                    pass\n    \n        exception_class: Type[WebDriverException]\n        e = ErrorCode()\n        error_codes = [item for item in dir(e) if not item.startswith(\"__\")]\n        for error_code in error_codes:\n            error_info = getattr(ErrorCode, error_code)\n            if isinstance(error_info, list) and status in error_info:\n                exception_class = getattr(ExceptionMapping, error_code, WebDriverException)\n                break\n        else:\n            exception_class = WebDriverException\n    \n        if not value:\n            value = response[\"value\"]\n        if isinstance(value, str):\n            raise exception_class(value)\n        if message == \"\" and \"message\" in value:\n            message = value[\"message\"]\n    \n        screen = None  # type: ignore[assignment]\n        if \"screen\" in value:\n            screen = value[\"screen\"]\n    \n        stacktrace = None\n        st_value = value.get(\"stackTrace\") or value.get(\"stacktrace\")\n        if st_value:\n            if isinstance(st_value, str):\n                stacktrace = st_value.split(\"\\n\")\n            else:\n                stacktrace = []\n                try:\n                    for frame in st_value:\n                        line = frame.get(\"lineNumber\", \"\")\n                        file = frame.get(\"fileName\", \"<anonymous>\")\n                        if line:\n                            file = f\"{file}:{line}\"\n                        meth = frame.get(\"methodName\", \"<anonymous>\")\n                        if \"className\" in frame:\n                            meth = f\"{frame['className']}.{meth}\"\n                        msg = \"    at %s (%s)\"\n                        msg = msg % (meth, file)\n                        stacktrace.append(msg)\n                except TypeError:\n                    pass\n        if exception_class == UnexpectedAlertPresentException:\n            alert_text = None\n            if \"data\" in value:\n                alert_text = value[\"data\"].get(\"text\")\n            elif \"alert\" in value:\n                alert_text = value[\"alert\"].get(\"text\")\n            raise exception_class(message, screen, stacktrace, alert_text)  # type: ignore[call-arg]  # mypy is not smart enough here\n>       raise exception_class(message, screen, stacktrace)\nE       selenium.common.exceptions.NoSuchElementException: Message: no such element: Unable to locate element: {\"method\":\"link text\",\"selector\":\"Nokia lumia 1520\"}\nE         (Session info: chrome=138.0.7204.93); For documentation on this error, please visit: https://www.selenium.dev/documentation/webdriver/troubleshooting/errors#no-such-element-exception\nE       Stacktrace:\nE       0   chromedriver                        0x0000000100c34e6c cxxbridge1$str$ptr + 2722840\nE       1   chromedriver                        0x0000000100c2cd74 cxxbridge1$str$ptr + 2689824\nE       2   chromedriver                        0x000000010077e3ec cxxbridge1$string$len + 90648\nE       3   chromedriver                        0x00000001007c5544 cxxbridge1$string$len + 381808\nE       4   chromedriver                        0x0000000100806934 cxxbridge1$string$len + 649056\nE       5   chromedriver                        0x00000001007b9834 cxxbridge1$string$len + 333408\nE       6   chromedriver                        0x0000000100bf7f88 cxxbridge1$str$ptr + 2473268\nE       7   chromedriver                        0x0000000100bfb1f4 cxxbridge1$str$ptr + 2486176\nE       8   chromedriver                        0x0000000100bd99d0 cxxbridge1$str$ptr + 2348924\nE       9   chromedriver                        0x0000000100bfbab0 cxxbridge1$str$ptr + 2488412\nE       10  chromedriver                        0x0000000100bcaa60 cxxbridge1$str$ptr + 2287628\nE       11  chromedriver                        0x0000000100c1b9a0 cxxbridge1$str$ptr + 2619212\nE       12  chromedriver                        0x0000000100c1bb2c cxxbridge1$str$ptr + 2619608\nE       13  chromedriver                        0x0000000100c2c9b0 cxxbridge1$str$ptr + 2688860\nE       14  libsystem_pthread.dylib             0x000000019bb3c2e4 _pthread_start + 136\nE       15  libsystem_pthread.dylib             0x000000019bb370fc thread_start + 8\n\n../../../anaconda3/lib/python3.10/site-packages/selenium/webdriver/remote/errorhandler.py:232: NoSuchElementException","flaky":false,"newFailed":false,"newBroken":false,"newPassed":false,"retriesCount":0,"retriesStatusChange":false,"beforeStages":[{"name":"setup","time":{"start":1752157614946,"stop":1752157618834,"duration":3888},"status":"passed","steps":[],"attachments":[],"parameters":[],"shouldDisplayMessage":false,"stepsCount":0,"attachmentsCount":0,"hasContent":false,"attachmentStep":false},{"name":"_verify_url","time":{"start":1752157614946,"stop":1752157614946,"duration":0},"status":"passed","steps":[],"attachments":[],"parameters":[],"shouldDisplayMessage":false,"stepsCount":0,"attachmentsCount":0,"hasContent":false,"attachmentStep":false},{"name":"base_url","time":{"start":1752157614946,"stop":1752157614946,"duration":0},"status":"passed","steps":[],"attachments":[],"parameters":[],"shouldDisplayMessage":false,"stepsCount":0,"attachmentsCount":0,"hasContent":false,"attachmentStep":false},{"name":"delete_output_dir","time":{"start":1752157614946,"stop":1752157614946,"duration":0},"status":"passed","steps":[],"attachments":[],"parameters":[],"shouldDisplayMessage":false,"stepsCount":0,"attachmentsCount":0,"hasContent":false,"attachmentStep":false},{"name":"pytestconfig","time":{"start":1752157614946,"stop":1752157614946,"duration":0},"status":"passed","steps":[],"attachments":[],"parameters":[],"shouldDisplayMessage":false,"stepsCount":0,"attachmentsCount":0,"hasContent":false,"attachmentStep":false}],"afterStages":[{"name":"setup::0","time":{"start":1752157619169,"stop":1752157619264,"duration":95},"status":"passed","steps":[],"attachments":[],"parameters":[],"shouldDisplayMessage":false,"stepsCount":0,"attachmentsCount":0,"hasContent":false,"attachmentStep":false}],"labels":[{"name":"parentSuite","value":"tests"},{"name":"suite","value":"test_product_details"},{"name":"subSuite","value":"TestProductDetails"},{"name":"host","value":"Ranjeet-MacBook-Pro.local"},{"name":"thread","value":"95960-MainThread"},{"name":"framework","value":"pytest"},{"name":"language","value":"cpython3"},{"name":"package","value":"tests.test_product_details"},{"name":"resultFormat","value":"allure2"}],"parameters":[],"links":[],"hidden":true,"retry":true,"extra":{"categories":[],"tags":[]},"source":"d98f8a47aca9e580.json","parameterValues":[]}